<?xml version="1.0" encoding="UTF-8"?>
<testsuite xmlns:xsi="http://www.w3.org/2001/XMLSchema-instance" xsi:noNamespaceSchemaLocation="https://maven.apache.org/surefire/maven-surefire-plugin/xsd/surefire-test-report.xsd" name="runner.TestRunner" time="507.302" tests="229" errors="0" skipped="0" failures="0">
  <properties>
[...]
</properties>
  <testcase name="Given user enters &quot;standard_user&quot; and &quot;secret_sauce&quot; and clicks on login button" classname="| standard_user | secret_sauce |" time="0.001"/>
  <testcase name="Given user enters &quot;standard_user&quot; and &quot;secret_sauce&quot; and clicks on login button" classname="| standard_user | secret_sauce |" time="0"/>
  <testcase name="Given user enters &quot;standard_user&quot; and &quot;secret_sauce&quot; and clicks on login button" classname="| standard_user | secret_sauce |" time="0"/>
  <testcase name="Given user enters &quot;standard_user&quot; and &quot;secret_sauce&quot; and clicks on login button" classname="| standard_user | secret_sauce |" time="0"/>
  <testcase name="Given user enters &quot;standard_user&quot; and &quot;secret_sauce&quot; and clicks on login button" classname="| standard_user | secret_sauce |" time="0"/>
  <testcase name="Given user enters &quot;standard_user&quot; and &quot;secret_sauce&quot; and clicks on login button" classname="| standard_user | secret_sauce |" time="0"/>
  <testcase name="Given user enters &quot;standard_user&quot; and &quot;secret_sauce&quot; and clicks on login button" classname="| standard_user | secret_sauce |" time="0"/>
  <testcase name="Given user enters &quot;standard_user&quot; and &quot;secret_sauce&quot; and clicks on login button" classname="| standard_user | secret_sauce |" time="0"/>
  <testcase name="Given user enters &quot;standard_user&quot; and &quot;secret_sauce&quot; and clicks on login button" classname="| standard_user | secret_sauce |" time="0"/>
  <testcase name="Given user enters &quot;standard_user&quot; and &quot;secret_sauce&quot; and clicks on login button" classname="| standard_user | secret_sauce |" time="0"/>
  <testcase name="Given user enters &quot;standard_user&quot; and &quot;secret_sauce&quot; and clicks on login button" classname="| standard_user | secret_sauce |" time="0"/>
  <testcase name="Given user enters &quot;standard_user&quot; and &quot;secret_sauce&quot; and clicks on login button" classname="| standard_user | secret_sauce |" time="0"/>
  <testcase name="Given user enters &quot;standard_user&quot; and &quot;secret_sauce&quot; and clicks on login button" classname="| standard_user | secret_sauce |" time="0"/>
  <testcase name="Given user enters &quot;standard_user&quot; and &quot;secret_sauce&quot; and clicks on login button" classname="| standard_user | secret_sauce |" time="0"/>
  <testcase name="Given user enters &quot;standard_user&quot; and &quot;secret_sauce&quot; and clicks on login button" classname="| standard_user | secret_sauce |" time="0"/>
  <testcase name="Given user enters &quot;standard_user&quot; and &quot;secret_sauce&quot; and clicks on login button" classname="| standard_user | secret_sauce |" time="0"/>
  <testcase name="Given user enters &quot;standard_user&quot; and &quot;secret_sauce&quot; and clicks on login button" classname="| standard_user | secret_sauce |" time="0"/>
  <testcase name="Given user enters &quot;standard_user&quot; and &quot;secret_sauce&quot; and clicks on login button" classname="| standard_user | secret_sauce |" time="0"/>
  <testcase name="Given user enters &quot;standard_user&quot; and &quot;secret_sauce&quot; and clicks on login button" classname="| standard_user | secret_sauce |" time="0"/>
  <testcase name="Given user enters &quot;standard_user&quot; and &quot;secret_sauce&quot; and clicks on login button" classname="| standard_user | secret_sauce |" time="0"/>
  <testcase name="Given user enters &quot;standard_user&quot; and &quot;secret_sauce&quot; and clicks on login button" classname="| standard_user | secret_sauce |" time="0"/>
  <testcase name="Then user is on home page and check for prodcuts" classname="| standard_user | secret_sauce |" time="0"/>
  <testcase name="| standard_user | secret_sauce |" classname="| standard_user | secret_sauce |" time="0.945"/>
  <testcase name="| standard_user | secret_sauce |" classname="| standard_user | secret_sauce |" time="0.765"/>
  <testcase name="| standard_user | secret_sauce |" classname="| standard_user | secret_sauce |" time="0.752"/>
  <testcase name="| standard_user | secret_sauce |" classname="| standard_user | secret_sauce |" time="0.743"/>
  <testcase name="| standard_user | secret_sauce |" classname="| standard_user | secret_sauce |" time="0.897"/>
  <testcase name="| standard_user | secret_sauce |" classname="| standard_user | secret_sauce |" time="0.655"/>
  <testcase name="| standard_user | secret_sauce |" classname="| standard_user | secret_sauce |" time="0.746"/>
  <testcase name="| standard_user | secret_sauce |" classname="| standard_user | secret_sauce |" time="0.959"/>
  <testcase name="| standard_user | secret_sauce |" classname="| standard_user | secret_sauce |" time="0.834"/>
  <testcase name="| standard_user | secret_sauce |" classname="| standard_user | secret_sauce |" time="0.643"/>
  <testcase name="| standard_user | secret_sauce |" classname="| standard_user | secret_sauce |" time="0.857"/>
  <testcase name="| standard_user | secret_sauce |" classname="| standard_user | secret_sauce |" time="0.737"/>
  <testcase name="| standard_user | secret_sauce |" classname="| standard_user | secret_sauce |" time="0.829"/>
  <testcase name="| standard_user | secret_sauce |" classname="| standard_user | secret_sauce |" time="0.676"/>
  <testcase name="| standard_user | secret_sauce |" classname="| standard_user | secret_sauce |" time="0.65"/>
  <testcase name="| standard_user | secret_sauce |" classname="| standard_user | secret_sauce |" time="0.754"/>
  <testcase name="| standard_user | secret_sauce |" classname="| standard_user | secret_sauce |" time="0.745"/>
  <testcase name="| standard_user | secret_sauce |" classname="| standard_user | secret_sauce |" time="0.794"/>
  <testcase name="| standard_user | secret_sauce |" classname="| standard_user | secret_sauce |" time="0.861"/>
  <testcase name="| standard_user | secret_sauce |" classname="| standard_user | secret_sauce |" time="0.766"/>
  <testcase name="| standard_user | secret_sauce |" classname="| standard_user | secret_sauce |" time="0.844"/>
  <testcase name="Given user enters &quot;problem_user&quot; and &quot;secret_sauce&quot; and clicks on login button" classname="| problem_user | secret_sauce |" time="0"/>
  <testcase name="Then user is on home page and check for prodcuts" classname="| problem_user | secret_sauce |" time="0"/>
  <testcase name="| problem_user | secret_sauce |" classname="| problem_user | secret_sauce |" time="0.874"/>
  <testcase name="Given user enters &quot;performance_glitch_user&quot; and &quot;secret_sauce&quot; and clicks on login button" classname="| performance_glitch_user | secret_sauce |" time="0"/>
  <testcase name="Given user enters &quot;performance_glitch_user&quot; and &quot;secret_sauce&quot; and clicks on login button" classname="| performance_glitch_user | secret_sauce |" time="0"/>
  <testcase name="Given user enters &quot;performance_glitch_user&quot; and &quot;secret_sauce&quot; and clicks on login button" classname="| performance_glitch_user | secret_sauce |" time="0"/>
  <testcase name="Given user enters &quot;performance_glitch_user&quot; and &quot;secret_sauce&quot; and clicks on login button" classname="| performance_glitch_user | secret_sauce |" time="0.001"/>
  <testcase name="Given user enters &quot;performance_glitch_user&quot; and &quot;secret_sauce&quot; and clicks on login button" classname="| performance_glitch_user | secret_sauce |" time="0"/>
  <testcase name="Given user enters &quot;performance_glitch_user&quot; and &quot;secret_sauce&quot; and clicks on login button" classname="| performance_glitch_user | secret_sauce |" time="0"/>
  <testcase name="Given user enters &quot;performance_glitch_user&quot; and &quot;secret_sauce&quot; and clicks on login button" classname="| performance_glitch_user | secret_sauce |" time="0"/>
  <testcase name="Given user enters &quot;performance_glitch_user&quot; and &quot;secret_sauce&quot; and clicks on login button" classname="| performance_glitch_user | secret_sauce |" time="0"/>
  <testcase name="Given user enters &quot;performance_glitch_user&quot; and &quot;secret_sauce&quot; and clicks on login button" classname="| performance_glitch_user | secret_sauce |" time="0"/>
  <testcase name="Given user enters &quot;performance_glitch_user&quot; and &quot;secret_sauce&quot; and clicks on login button" classname="| performance_glitch_user | secret_sauce |" time="0"/>
  <testcase name="Given user enters &quot;performance_glitch_user&quot; and &quot;secret_sauce&quot; and clicks on login button" classname="| performance_glitch_user | secret_sauce |" time="0"/>
  <testcase name="Given user enters &quot;performance_glitch_user&quot; and &quot;secret_sauce&quot; and clicks on login button" classname="| performance_glitch_user | secret_sauce |" time="0"/>
  <testcase name="Given user enters &quot;performance_glitch_user&quot; and &quot;secret_sauce&quot; and clicks on login button" classname="| performance_glitch_user | secret_sauce |" time="0"/>
  <testcase name="Given user enters &quot;performance_glitch_user&quot; and &quot;secret_sauce&quot; and clicks on login button" classname="| performance_glitch_user | secret_sauce |" time="0"/>
  <testcase name="Given user enters &quot;performance_glitch_user&quot; and &quot;secret_sauce&quot; and clicks on login button" classname="| performance_glitch_user | secret_sauce |" time="0"/>
  <testcase name="Given user enters &quot;performance_glitch_user&quot; and &quot;secret_sauce&quot; and clicks on login button" classname="| performance_glitch_user | secret_sauce |" time="0"/>
  <testcase name="Given user enters &quot;performance_glitch_user&quot; and &quot;secret_sauce&quot; and clicks on login button" classname="| performance_glitch_user | secret_sauce |" time="0"/>
  <testcase name="Given user enters &quot;performance_glitch_user&quot; and &quot;secret_sauce&quot; and clicks on login button" classname="| performance_glitch_user | secret_sauce |" time="0"/>
  <testcase name="Given user enters &quot;performance_glitch_user&quot; and &quot;secret_sauce&quot; and clicks on login button" classname="| performance_glitch_user | secret_sauce |" time="0"/>
  <testcase name="Given user enters &quot;performance_glitch_user&quot; and &quot;secret_sauce&quot; and clicks on login button" classname="| performance_glitch_user | secret_sauce |" time="0"/>
  <testcase name="Given user enters &quot;performance_glitch_user&quot; and &quot;secret_sauce&quot; and clicks on login button" classname="| performance_glitch_user | secret_sauce |" time="0"/>
  <testcase name="Then user is on home page and check for prodcuts" classname="| performance_glitch_user | secret_sauce |" time="0"/>
  <testcase name="| performance_glitch_user | secret_sauce |" classname="| performance_glitch_user | secret_sauce |" time="0.763"/>
  <testcase name="| performance_glitch_user | secret_sauce |" classname="| performance_glitch_user | secret_sauce |" time="0.844"/>
  <testcase name="| performance_glitch_user | secret_sauce |" classname="| performance_glitch_user | secret_sauce |" time="0.792"/>
  <testcase name="| performance_glitch_user | secret_sauce |" classname="| performance_glitch_user | secret_sauce |" time="0.769"/>
  <testcase name="| performance_glitch_user | secret_sauce |" classname="| performance_glitch_user | secret_sauce |" time="1.014"/>
  <testcase name="| performance_glitch_user | secret_sauce |" classname="| performance_glitch_user | secret_sauce |" time="0.653"/>
  <testcase name="| performance_glitch_user | secret_sauce |" classname="| performance_glitch_user | secret_sauce |" time="0.932"/>
  <testcase name="| performance_glitch_user | secret_sauce |" classname="| performance_glitch_user | secret_sauce |" time="0.658"/>
  <testcase name="| performance_glitch_user | secret_sauce |" classname="| performance_glitch_user | secret_sauce |" time="0.767"/>
  <testcase name="| performance_glitch_user | secret_sauce |" classname="| performance_glitch_user | secret_sauce |" time="0.775"/>
  <testcase name="| performance_glitch_user | secret_sauce |" classname="| performance_glitch_user | secret_sauce |" time="0.655"/>
  <testcase name="| performance_glitch_user | secret_sauce |" classname="| performance_glitch_user | secret_sauce |" time="0.849"/>
  <testcase name="| performance_glitch_user | secret_sauce |" classname="| performance_glitch_user | secret_sauce |" time="0.645"/>
  <testcase name="| performance_glitch_user | secret_sauce |" classname="| performance_glitch_user | secret_sauce |" time="0.747"/>
  <testcase name="| performance_glitch_user | secret_sauce |" classname="| performance_glitch_user | secret_sauce |" time="0.89"/>
  <testcase name="| performance_glitch_user | secret_sauce |" classname="| performance_glitch_user | secret_sauce |" time="0.769"/>
  <testcase name="| performance_glitch_user | secret_sauce |" classname="| performance_glitch_user | secret_sauce |" time="0.657"/>
  <testcase name="| performance_glitch_user | secret_sauce |" classname="| performance_glitch_user | secret_sauce |" time="0.651"/>
  <testcase name="| performance_glitch_user | secret_sauce |" classname="| performance_glitch_user | secret_sauce |" time="0.797"/>
  <testcase name="| performance_glitch_user | secret_sauce |" classname="| performance_glitch_user | secret_sauce |" time="0.768"/>
  <testcase name="| performance_glitch_user | secret_sauce |" classname="| performance_glitch_user | secret_sauce |" time="0.86"/>
  <testcase name="Given user enters &quot;standarduser&quot; and &quot;secret_sauce&quot; and clicks on login button" classname="| standarduser | secret_sauce | Epic sadface: Username and password do not match any user in this service |" time="0"/>
  <testcase name="Then verify error message &quot;Epic sadface: Username and password do not match any user in this service&quot;" classname="| standarduser | secret_sauce | Epic sadface: Username and password do not match any user in this service |" time="0"/>
  <testcase name="| standarduser | secret_sauce | Epic sadface: Username and password do not match any user in this service |" classname="| standarduser | secret_sauce | Epic sadface: Username and password do not match any user in this service |" time="0.74"/>
  <testcase name="Given user enters &quot;standard_user&quot; and &quot;secretsauce&quot; and clicks on login button" classname="| standard_user | secretsauce | Epic sadface: Username and password do not match any user in this service |" time="0"/>
  <testcase name="Then verify error message &quot;Epic sadface: Username and password do not match any user in this service&quot;" classname="| standard_user | secretsauce | Epic sadface: Username and password do not match any user in this service |" time="0"/>
  <testcase name="| standard_user | secretsauce | Epic sadface: Username and password do not match any user in this service |" classname="| standard_user | secretsauce | Epic sadface: Username and password do not match any user in this service |" time="0.754"/>
  <testcase name="Given user enters &quot;locked_out_user&quot; and &quot;secret_sauce&quot; and clicks on login button" classname="| locked_out_user | secret_sauce | Epic sadface: Sorry, this user has been locked out. |" time="0"/>
  <testcase name="Then verify error message &quot;Epic sadface: Sorry, this user has been locked out.&quot;" classname="| locked_out_user | secret_sauce | Epic sadface: Sorry, this user has been locked out. |" time="0"/>
  <testcase name="| locked_out_user | secret_sauce | Epic sadface: Sorry, this user has been locked out. |" classname="| locked_out_user | secret_sauce | Epic sadface: Sorry, this user has been locked out. |" time="0.736"/>
  <testcase name="Given user enters &quot;test_user&quot; and &quot;secret_sauce&quot; and clicks on login button" classname="| test_user | secret_sauce | Epic sadface: Username and password do not match any user in this service |" time="0"/>
  <testcase name="Then verify error message &quot;Epic sadface: Username and password do not match any user in this service&quot;" classname="| test_user | secret_sauce | Epic sadface: Username and password do not match any user in this service |" time="0"/>
  <testcase name="| test_user | secret_sauce | Epic sadface: Username and password do not match any user in this service |" classname="| test_user | secret_sauce | Epic sadface: Username and password do not match any user in this service |" time="0.775"/>
  <testcase name="Given user enters &quot;&quot; and &quot;secret_sauce&quot; and clicks on login button" classname="|  | secret_sauce | Epic sadface: Username is required |" time="0"/>
  <testcase name="Then verify error message &quot;Epic sadface: Username is required&quot;" classname="|  | secret_sauce | Epic sadface: Username is required |" time="0"/>
  <testcase name="|  | secret_sauce | Epic sadface: Username is required |" classname="|  | secret_sauce | Epic sadface: Username is required |" time="0.656"/>
  <testcase name="Given user enters &quot;standard_user&quot; and &quot;&quot; and clicks on login button" classname="| standard_user |  | Epic sadface: Password is required |" time="0"/>
  <testcase name="Then verify error message &quot;Epic sadface: Password is required&quot;" classname="| standard_user |  | Epic sadface: Password is required |" time="0"/>
  <testcase name="| standard_user |  | Epic sadface: Password is required |" classname="| standard_user |  | Epic sadface: Password is required |" time="0.741"/>
  <testcase name="When user is on swag labs home page" classname="| standard_user | secret_sauce |" time="0"/>
  <testcase name="When user is on swag labs home page" classname="| standard_user | secret_sauce |" time="0"/>
  <testcase name="When user is on swag labs home page" classname="| standard_user | secret_sauce |" time="0"/>
  <testcase name="When user is on swag labs home page" classname="| standard_user | secret_sauce |" time="0"/>
  <testcase name="When user is on swag labs home page" classname="| standard_user | secret_sauce |" time="0"/>
  <testcase name="When user is on swag labs home page" classname="| standard_user | secret_sauce |" time="0.001"/>
  <testcase name="When user is on swag labs home page" classname="| standard_user | secret_sauce |" time="0"/>
  <testcase name="When user is on swag labs home page" classname="| standard_user | secret_sauce |" time="0"/>
  <testcase name="When user is on swag labs home page" classname="| standard_user | secret_sauce |" time="0"/>
  <testcase name="When user is on swag labs home page" classname="| standard_user | secret_sauce |" time="0"/>
  <testcase name="When user is on swag labs home page" classname="| standard_user | secret_sauce |" time="0"/>
  <testcase name="When user is on swag labs home page" classname="| standard_user | secret_sauce |" time="0"/>
  <testcase name="When user is on swag labs home page" classname="| standard_user | secret_sauce |" time="0"/>
  <testcase name="When user is on swag labs home page" classname="| standard_user | secret_sauce |" time="0"/>
  <testcase name="When user is on swag labs home page" classname="| standard_user | secret_sauce |" time="0"/>
  <testcase name="When user is on swag labs home page" classname="| standard_user | secret_sauce |" time="0"/>
  <testcase name="When user is on swag labs home page" classname="| standard_user | secret_sauce |" time="0"/>
  <testcase name="When user is on swag labs home page" classname="| standard_user | secret_sauce |" time="0"/>
  <testcase name="When user is on swag labs home page" classname="| standard_user | secret_sauce |" time="0"/>
  <testcase name="When user is on swag labs home page" classname="| standard_user | secret_sauce |" time="0"/>
  <testcase name="Then verify products on home page" classname="| standard_user | secret_sauce |" time="0"/>
  <testcase name="When user is on swag labs home page" classname="| performance_glitch_user | secret_sauce |" time="0"/>
  <testcase name="When user is on swag labs home page" classname="| performance_glitch_user | secret_sauce |" time="0"/>
  <testcase name="When user is on swag labs home page" classname="| performance_glitch_user | secret_sauce |" time="0"/>
  <testcase name="When user is on swag labs home page" classname="| performance_glitch_user | secret_sauce |" time="0"/>
  <testcase name="When user is on swag labs home page" classname="| performance_glitch_user | secret_sauce |" time="0"/>
  <testcase name="When user is on swag labs home page" classname="| performance_glitch_user | secret_sauce |" time="0"/>
  <testcase name="When user is on swag labs home page" classname="| performance_glitch_user | secret_sauce |" time="0"/>
  <testcase name="When user is on swag labs home page" classname="| performance_glitch_user | secret_sauce |" time="0"/>
  <testcase name="When user is on swag labs home page" classname="| performance_glitch_user | secret_sauce |" time="0"/>
  <testcase name="When user is on swag labs home page" classname="| performance_glitch_user | secret_sauce |" time="0"/>
  <testcase name="When user is on swag labs home page" classname="| performance_glitch_user | secret_sauce |" time="0"/>
  <testcase name="When user is on swag labs home page" classname="| performance_glitch_user | secret_sauce |" time="0"/>
  <testcase name="When user is on swag labs home page" classname="| performance_glitch_user | secret_sauce |" time="0"/>
  <testcase name="When user is on swag labs home page" classname="| performance_glitch_user | secret_sauce |" time="0"/>
  <testcase name="When user is on swag labs home page" classname="| performance_glitch_user | secret_sauce |" time="0"/>
  <testcase name="When user is on swag labs home page" classname="| performance_glitch_user | secret_sauce |" time="0"/>
  <testcase name="When user is on swag labs home page" classname="| performance_glitch_user | secret_sauce |" time="0"/>
  <testcase name="When user is on swag labs home page" classname="| performance_glitch_user | secret_sauce |" time="0"/>
  <testcase name="When user is on swag labs home page" classname="| performance_glitch_user | secret_sauce |" time="0"/>
  <testcase name="When user is on swag labs home page" classname="| performance_glitch_user | secret_sauce |" time="0"/>
  <testcase name="Then verify products on home page" classname="| performance_glitch_user | secret_sauce |" time="0"/>
  <testcase name="Then verify user can sort products" classname="| standard_user | secret_sauce |" time="0"/>
  <testcase name="Then verify user can sort products" classname="| performance_glitch_user | secret_sauce |" time="0"/>
  <testcase name="Then user clicks on all items" classname="| standard_user | secret_sauce |" time="0"/>
  <testcase name="Then user clicks on all items" classname="| performance_glitch_user | secret_sauce |" time="0"/>
  <testcase name="Then user clicks on about" classname="| standard_user | secret_sauce |" time="0"/>
  <testcase name="Then user clicks on about" classname="| performance_glitch_user | secret_sauce |" time="0"/>
  <testcase name="Then user clicks on Reset App State" classname="| standard_user | secret_sauce |" time="0"/>
  <testcase name="Then user clicks on Reset App State" classname="| performance_glitch_user | secret_sauce |" time="0"/>
  <testcase name="Then user clicks on logout" classname="| standard_user | secret_sauce |" time="0"/>
  <testcase name="Then user clicks on logout" classname="| standard_user | secret_sauce |" time="0"/>
  <testcase name="Then user clicks on logout" classname="| standard_user | secret_sauce |" time="0"/>
  <testcase name="Then user clicks on logout" classname="| performance_glitch_user | secret_sauce |" time="0"/>
  <testcase name="Then user clicks on logout" classname="| performance_glitch_user | secret_sauce |" time="0"/>
  <testcase name="Then user clicks on logout" classname="| performance_glitch_user | secret_sauce |" time="0"/>
  <testcase name="Then user adds product from home page" classname="| standard_user | secret_sauce |" time="0"/>
  <testcase name="Then user adds product from home page" classname="| standard_user | secret_sauce |" time="0.001"/>
  <testcase name="Then user adds product from home page" classname="| standard_user | secret_sauce |" time="0"/>
  <testcase name="Then user adds product from home page" classname="| standard_user | secret_sauce |" time="0"/>
  <testcase name="Then user adds product from home page" classname="| standard_user | secret_sauce |" time="0"/>
  <testcase name="Then user adds product from home page" classname="| standard_user | secret_sauce |" time="0"/>
  <testcase name="Then user adds product from home page" classname="| standard_user | secret_sauce |" time="0"/>
  <testcase name="Then user adds product from home page" classname="| standard_user | secret_sauce |" time="0"/>
  <testcase name="Then user adds product from home page" classname="| standard_user | secret_sauce |" time="0"/>
  <testcase name="Then user adds product from home page" classname="| standard_user | secret_sauce |" time="0"/>
  <testcase name="Then user adds product from home page" classname="| performance_glitch_user | secret_sauce |" time="0"/>
  <testcase name="Then user adds product from home page" classname="| performance_glitch_user | secret_sauce |" time="0"/>
  <testcase name="Then user adds product from home page" classname="| performance_glitch_user | secret_sauce |" time="0"/>
  <testcase name="Then user adds product from home page" classname="| performance_glitch_user | secret_sauce |" time="0"/>
  <testcase name="Then user adds product from home page" classname="| performance_glitch_user | secret_sauce |" time="0"/>
  <testcase name="Then user adds product from home page" classname="| performance_glitch_user | secret_sauce |" time="0"/>
  <testcase name="Then user adds product from home page" classname="| performance_glitch_user | secret_sauce |" time="0"/>
  <testcase name="Then user adds product from home page" classname="| performance_glitch_user | secret_sauce |" time="0"/>
  <testcase name="Then user adds product from home page" classname="| performance_glitch_user | secret_sauce |" time="0"/>
  <testcase name="Then user adds product from home page" classname="| performance_glitch_user | secret_sauce |" time="0"/>
  <testcase name="Then user removes product on home page" classname="| standard_user | secret_sauce |" time="0"/>
  <testcase name="Then user removes product on home page" classname="| performance_glitch_user | secret_sauce |" time="0"/>
  <testcase name="Then user adds product from product details page" classname="| standard_user | secret_sauce |" time="0"/>
  <testcase name="Then user adds product from product details page" classname="| standard_user | secret_sauce |" time="0"/>
  <testcase name="Then user adds product from product details page" classname="| performance_glitch_user | secret_sauce |" time="0"/>
  <testcase name="Then user adds product from product details page" classname="| performance_glitch_user | secret_sauce |" time="0"/>
  <testcase name="Then user removes products from product details page" classname="| standard_user | secret_sauce |" time="0"/>
  <testcase name="Then user removes products from product details page" classname="| performance_glitch_user | secret_sauce |" time="0"/>
  <testcase name="Then user removes products from cart" classname="| standard_user | secret_sauce |" time="0"/>
  <testcase name="Then user removes products from cart" classname="| performance_glitch_user | secret_sauce |" time="0"/>
  <testcase name="Then user continue shopping from cart" classname="| standard_user | secret_sauce |" time="0"/>
  <testcase name="Then user continue shopping from cart" classname="| performance_glitch_user | secret_sauce |" time="0"/>
  <testcase name="Then user checkout product from cart" classname="| standard_user | secret_sauce |" time="0"/>
  <testcase name="Then user checkout product from cart" classname="| standard_user | secret_sauce |" time="0"/>
  <testcase name="Then user checkout product from cart" classname="| standard_user | secret_sauce |" time="0"/>
  <testcase name="Then user checkout product from cart" classname="| standard_user | secret_sauce |" time="0"/>
  <testcase name="Then user checkout product from cart" classname="| standard_user | secret_sauce |" time="0"/>
  <testcase name="Then user checkout product from cart" classname="| standard_user | secret_sauce |" time="0"/>
  <testcase name="Then user checkout product from cart" classname="| standard_user | secret_sauce |" time="0"/>
  <testcase name="Then user checkout product from cart" classname="| standard_user | secret_sauce |" time="0"/>
  <testcase name="Then user checkout product from cart" classname="| performance_glitch_user | secret_sauce |" time="0"/>
  <testcase name="Then user checkout product from cart" classname="| performance_glitch_user | secret_sauce |" time="0"/>
  <testcase name="Then user checkout product from cart" classname="| performance_glitch_user | secret_sauce |" time="0"/>
  <testcase name="Then user checkout product from cart" classname="| performance_glitch_user | secret_sauce |" time="0"/>
  <testcase name="Then user checkout product from cart" classname="| performance_glitch_user | secret_sauce |" time="0"/>
  <testcase name="Then user checkout product from cart" classname="| performance_glitch_user | secret_sauce |" time="0"/>
  <testcase name="Then user checkout product from cart" classname="| performance_glitch_user | secret_sauce |" time="0"/>
  <testcase name="Then user checkout product from cart" classname="| performance_glitch_user | secret_sauce |" time="0"/>
  <testcase name="Then user tries to checkout product from cart without buyer data" classname="| standard_user | secret_sauce |" time="0"/>
  <testcase name="Then user tries to checkout product from cart without buyer data" classname="| performance_glitch_user | secret_sauce |" time="0"/>
  <testcase name="Then user cancels checkout process" classname="| standard_user | secret_sauce |" time="0"/>
  <testcase name="Then user cancels checkout process" classname="| standard_user | secret_sauce |" time="0"/>
  <testcase name="Then user cancels checkout process" classname="| performance_glitch_user | secret_sauce |" time="0"/>
  <testcase name="Then user cancels checkout process" classname="| performance_glitch_user | secret_sauce |" time="0"/>
  <testcase name="Then user continue checkout with buyer data" classname="| standard_user | secret_sauce |" time="0"/>
  <testcase name="Then user continue checkout with buyer data" classname="| standard_user | secret_sauce |" time="0"/>
  <testcase name="Then user continue checkout with buyer data" classname="| standard_user | secret_sauce |" time="0"/>
  <testcase name="Then user continue checkout with buyer data" classname="| standard_user | secret_sauce |" time="0"/>
  <testcase name="Then user continue checkout with buyer data" classname="| performance_glitch_user | secret_sauce |" time="0"/>
  <testcase name="Then user continue checkout with buyer data" classname="| performance_glitch_user | secret_sauce |" time="0"/>
  <testcase name="Then user continue checkout with buyer data" classname="| performance_glitch_user | secret_sauce |" time="0"/>
  <testcase name="Then user continue checkout with buyer data" classname="| performance_glitch_user | secret_sauce |" time="0"/>
  <testcase name="Then user finish checkout process" classname="| standard_user | secret_sauce |" time="0"/>
  <testcase name="Then user finish checkout process" classname="| standard_user | secret_sauce |" time="0"/>
  <testcase name="Then user finish checkout process" classname="| performance_glitch_user | secret_sauce |" time="0"/>
  <testcase name="Then user finish checkout process" classname="| performance_glitch_user | secret_sauce |" time="0"/>
</testsuite>