<?xml version="1.0" encoding="UTF-8"?>
<testsuite xmlns:xsi="http://www.w3.org/2001/XMLSchema-instance" xsi:noNamespaceSchemaLocation="https://maven.apache.org/surefire/maven-surefire-plugin/xsd/surefire-test-report.xsd" name="runner.TestRunner" time="32.443" tests="8" errors="0" skipped="0" failures="0">
  <properties>
[...]
</properties>
  <testcase name="Given user enters &quot;standard_user&quot; and &quot;secret_sauce&quot; and clicks on login button" classname="| standard_user | secret_sauce |" time="0.02"/>
  <testcase name="When user is on home page of swag labs" classname="| standard_user | secret_sauce |" time="0"/>
  <testcase name="Then verify hamburger options" classname="| standard_user | secret_sauce |" time="0"/>
  <testcase name="| standard_user | secret_sauce |" classname="| standard_user | secret_sauce |" time="0.631"/>
  <testcase name="Given user enters &quot;performance_glitch_user&quot; and &quot;secret_sauce&quot; and clicks on login button" classname="| performance_glitch_user | secret_sauce |" time="0"/>
  <testcase name="When user is on home page of swag labs" classname="| performance_glitch_user | secret_sauce |" time="0"/>
  <testcase name="Then verify hamburger options" classname="| performance_glitch_user | secret_sauce |" time="0"/>
  <testcase name="| performance_glitch_user | secret_sauce |" classname="| performance_glitch_user | secret_sauce |" time="0.59"/>
</testsuite>